Build started 13/09/2016 1:11:53 a.m..
     1>Project "C:\Users\USER\Documents\GitHub\Assignment-One-GP\Assignment 4.0\Framework\Framework.vcxproj" on node 2 (Build target(s)).
     1>Link:
         C:\Program Files (x86)\Microsoft Visual Studio 12.0\VC\bin\link.exe /ERRORREPORT:PROMPT /OUT:"C:\Users\USER\Documents\GitHub\Assignment-One-GP\Assignment 4.0\Debug\Spirit Animal.exe" /INCREMENTAL /NOLOGO /LIBPATH:"C:\Users\USER\Documents\GitHub\Assignment-One-GP\Assignment 4.0\\SDL\SDL2-2.0.3\lib\x86" /LIBPATH:"C:\Users\USER\Documents\GitHub\Assignment-One-GP\Assignment 4.0\\SDL\SDL2_image-2.0.0\lib\x86" /LIBPATH:"C:\Users\USER\Documents\GitHub\Assignment-One-GP\Assignment 4.0\\FMOD\lib\\" /LIBPATH:"C:\Users\USER\Documents\GitHub\Assignment-One-GP\Assignment 4.0\\SDL2_ttf-2.0.14\lib\x86" SDL2.lib SDL2main.lib SDL2_image.lib fmodl_vc.lib SDL2_ttf.lib kernel32.lib user32.lib gdi32.lib winspool.lib comdlg32.lib advapi32.lib shell32.lib ole32.lib oleaut32.lib uuid.lib odbc32.lib odbccp32.lib /MANIFEST /MANIFESTUAC:"level='asInvoker' uiAccess='false'" /manifest:embed /DEBUG /PDB:"C:\Users\USER\Documents\GitHub\Assignment-One-GP\Assignment 4.0\Debug\Spirit Animal.pdb" /SUBSYSTEM:WINDOWS /TLBID:1 /DYNAMICBASE /NXCOMPAT /IMPLIB:"C:\Users\USER\Documents\GitHub\Assignment-One-GP\Assignment 4.0\Debug\Spirit Animal.lib" /MACHINE:X86 Debug\AnimatedSprite.obj
         Debug\backbuffer.obj
         Debug\Blood.obj
         Debug\EndTile.obj
         Debug\Enemy.obj
         Debug\entity.obj
         Debug\AnimatedEntity.obj
         Debug\game.obj
         Debug\inputhandler.obj
         Debug\LavaTile.obj
         Debug\logmanager.obj
         Debug\LowWall.obj
         Debug\main.obj
         Debug\Narrow.obj
         Debug\Parser.obj
         Debug\Player.obj
         Debug\SoundSys.obj
         Debug\sprite.obj
         Debug\texture.obj
         Debug\texturemanager.obj
         Debug\Tiles.obj
         Debug\Vector2D.obj
         Debug\Wall.obj
         Debug\WaterTile.obj
     1>MSVCRTD.lib(cinitexe.obj) : warning LNK4098: defaultlib 'msvcrt.lib' conflicts with use of other libs; use /NODEFAULTLIB:library
         Framework.vcxproj -> C:\Users\USER\Documents\GitHub\Assignment-One-GP\Assignment 4.0\Debug\Spirit Animal.exe
     1>Done Building Project "C:\Users\USER\Documents\GitHub\Assignment-One-GP\Assignment 4.0\Framework\Framework.vcxproj" (Build target(s)).

Build succeeded.

Time Elapsed 00:00:00.42
