Build started 29/08/2016 4:09:13 p.m..
     1>Project "C:\Users\USER\Desktop\Assignement GP\Assignment 1.0\Framework\Framework.vcxproj" on node 2 (Build target(s)).
     1>ClCompile:
         C:\Program Files (x86)\Microsoft Visual Studio 12.0\VC\bin\CL.exe /c /I"C:\Users\USER\Desktop\Assignement GP\Assignment 1.0\\SDL\SDL2-2.0.3\include\\" /I"C:\Users\USER\Desktop\Assignement GP\Assignment 1.0\\SDL\SDL2_image-2.0.0\include" /I"C:\Users\USER\Desktop\Assignement GP\Assignment 1.0\\FMOD\inc\\" /ZI /nologo /W3 /WX- /Od /Oy- /D WIN32 /D _DEBUG /D _WINDOWS /D _UNICODE /D UNICODE /Gm /EHsc /RTC1 /MDd /GS /fp:precise /Zc:wchar_t /Zc:forScope /Fo"Debug\\" /Fd"Debug\vc120.pdb" /Gd /TP /analyze- /errorReport:prompt game.cpp inputhandler.cpp main.cpp
         game.cpp
     1>c:\users\user\desktop\assignement gp\assignment 1.0\framework\game.cpp(102): warning C4244: 'argument' : conversion from 'float' to 'int', possible loss of data
     1>c:\users\user\desktop\assignement gp\assignment 1.0\framework\game.cpp(116): warning C4101: 'cMask' : unreferenced local variable
     1>c:\users\user\desktop\assignement gp\assignment 1.0\framework\game.cpp(191): warning C4018: '<' : signed/unsigned mismatch
     1>c:\users\user\desktop\assignement gp\assignment 1.0\framework\game.cpp(196): warning C4018: '<' : signed/unsigned mismatch
     1>c:\users\user\desktop\assignement gp\assignment 1.0\framework\game.cpp(216): warning C4244: 'initializing' : conversion from 'float' to 'int', possible loss of data
     1>c:\users\user\desktop\assignement gp\assignment 1.0\framework\game.cpp(217): warning C4244: 'initializing' : conversion from 'float' to 'int', possible loss of data
     1>c:\users\user\desktop\assignement gp\assignment 1.0\framework\game.cpp(236): warning C4018: '<' : signed/unsigned mismatch
     1>c:\users\user\desktop\assignement gp\assignment 1.0\framework\game.cpp(254): warning C4018: '<' : signed/unsigned mismatch
     1>c:\users\user\desktop\assignement gp\assignment 1.0\framework\game.cpp(300): warning C4018: '<' : signed/unsigned mismatch
     1>c:\users\user\desktop\assignement gp\assignment 1.0\framework\game.cpp(304): warning C4018: '<' : signed/unsigned mismatch
     1>c:\users\user\desktop\assignement gp\assignment 1.0\framework\game.cpp(418): warning C4244: 'argument' : conversion from 'float' to 'int', possible loss of data
     1>c:\users\user\desktop\assignement gp\assignment 1.0\framework\game.cpp(451): warning C4244: 'argument' : conversion from 'int' to 'float', possible loss of data
     1>c:\users\user\desktop\assignement gp\assignment 1.0\framework\game.cpp(452): warning C4244: 'argument' : conversion from 'int' to 'float', possible loss of data
     1>c:\users\user\desktop\assignement gp\assignment 1.0\framework\game.cpp(469): warning C4244: 'argument' : conversion from 'float' to 'int', possible loss of data
     1>c:\users\user\desktop\assignement gp\assignment 1.0\framework\game.cpp(470): warning C4244: 'argument' : conversion from 'float' to 'int', possible loss of data
         Generating Code...
         Skipping... (no relevant changes detected)
         main.cpp
         inputhandler.cpp
       Link:
         C:\Program Files (x86)\Microsoft Visual Studio 12.0\VC\bin\link.exe /ERRORREPORT:PROMPT /OUT:"C:\Users\USER\Desktop\Assignement GP\Assignment 1.0\Debug\Framework.exe" /INCREMENTAL /NOLOGO /LIBPATH:"C:\Users\USER\Desktop\Assignement GP\Assignment 1.0\\SDL\SDL2-2.0.3\lib\x86" /LIBPATH:"C:\Users\USER\Desktop\Assignement GP\Assignment 1.0\\SDL\SDL2_image-2.0.0\lib\x86" /LIBPATH:"C:\Users\USER\Desktop\Assignement GP\Assignment 1.0\\FMOD\lib\\" SDL2.lib SDL2main.lib SDL2_image.lib fmodl_vc.lib kernel32.lib user32.lib gdi32.lib winspool.lib comdlg32.lib advapi32.lib shell32.lib ole32.lib oleaut32.lib uuid.lib odbc32.lib odbccp32.lib /MANIFEST /MANIFESTUAC:"level='asInvoker' uiAccess='false'" /manifest:embed /DEBUG /PDB:"C:\Users\USER\Desktop\Assignement GP\Assignment 1.0\Debug\Framework.pdb" /SUBSYSTEM:WINDOWS /TLBID:1 /DYNAMICBASE /NXCOMPAT /IMPLIB:"C:\Users\USER\Desktop\Assignement GP\Assignment 1.0\Debug\Framework.lib" /MACHINE:X86 Debug\AnimatedSprite.obj
         Debug\backbuffer.obj
         Debug\Bullet.obj
         Debug\Enemy.obj
         Debug\entity.obj
         Debug\AnimatedEntity.obj
         Debug\game.obj
         Debug\inputhandler.obj
         Debug\logmanager.obj
         Debug\main.obj
         Debug\PlayerShip.obj
         Debug\sprite.obj
         Debug\texture.obj
         Debug\texturemanager.obj
         Debug\Vector2D.obj
         Framework.vcxproj -> C:\Users\USER\Desktop\Assignement GP\Assignment 1.0\Debug\Framework.exe
     1>Done Building Project "C:\Users\USER\Desktop\Assignement GP\Assignment 1.0\Framework\Framework.vcxproj" (Build target(s)).

Build succeeded.

Time Elapsed 00:00:00.67
