Build started 8/09/2016 7:45:20 p.m..
     1>Project "C:\Users\USER\Documents\GitHub\Assignment-One-GP\Assignment 4.0\Framework\Framework.vcxproj" on node 2 (Build target(s)).
     1>ClCompile:
         C:\Program Files (x86)\Microsoft Visual Studio 12.0\VC\bin\CL.exe /c /I"C:\Users\shooper\Desktop\Framework\SDL\SDL2-2.0.3" /Zi /nologo /W3 /WX- /O2 /Oi /Oy- /GL /D WIN32 /D NDEBUG /D _WINDOWS /D _UNICODE /D UNICODE /Gm- /EHsc /MD /GS /Gy /fp:precise /Zc:wchar_t /Zc:forScope /Fo"Release\\" /Fd"Release\vc120.pdb" /Gd /TP /analyze- /errorReport:prompt AnimatedSprite.cpp backbuffer.cpp Blood.cpp Enemy.cpp entity.cpp AnimatedEntity.cpp game.cpp inputhandler.cpp LavaTile.cpp logmanager.cpp LowWall.cpp main.cpp Narrow.cpp Player.cpp SoundSys.cpp sprite.cpp texture.cpp texturemanager.cpp Tiles.cpp Vector2D.cpp WaterTile.cpp
         AnimatedSprite.cpp
     1>c:\users\user\documents\github\assignment-one-gp\assignment 4.0\framework\texture.h(6): fatal error C1083: Cannot open include file: 'SDL.h': No such file or directory
         backbuffer.cpp
     1>c:\users\user\documents\github\assignment-one-gp\assignment 4.0\framework\backbuffer.h(5): fatal error C1083: Cannot open include file: 'SDL.h': No such file or directory
         Blood.cpp
     1>c:\users\user\documents\github\assignment-one-gp\assignment 4.0\framework\backbuffer.h(5): fatal error C1083: Cannot open include file: 'SDL.h': No such file or directory
         Enemy.cpp
     1>c:\users\user\documents\github\assignment-one-gp\assignment 4.0\framework\backbuffer.h(5): fatal error C1083: Cannot open include file: 'SDL.h': No such file or directory
         entity.cpp
     1>c:\users\user\documents\github\assignment-one-gp\assignment 4.0\framework\backbuffer.h(5): fatal error C1083: Cannot open include file: 'SDL.h': No such file or directory
         AnimatedEntity.cpp
     1>c:\users\user\documents\github\assignment-one-gp\assignment 4.0\framework\backbuffer.h(5): fatal error C1083: Cannot open include file: 'SDL.h': No such file or directory
         game.cpp
     1>c:\users\user\documents\github\assignment-one-gp\assignment 4.0\framework\backbuffer.h(5): fatal error C1083: Cannot open include file: 'SDL.h': No such file or directory
         inputhandler.cpp
     1>c:\users\user\documents\github\assignment-one-gp\assignment 4.0\framework\inputhandler.h(6): fatal error C1083: Cannot open include file: 'SDL.h': No such file or directory
         LavaTile.cpp
     1>c:\users\user\documents\github\assignment-one-gp\assignment 4.0\framework\backbuffer.h(5): fatal error C1083: Cannot open include file: 'SDL.h': No such file or directory
         logmanager.cpp
         LowWall.cpp
     1>c:\users\user\documents\github\assignment-one-gp\assignment 4.0\framework\backbuffer.h(5): fatal error C1083: Cannot open include file: 'SDL.h': No such file or directory
         main.cpp
     1>main.cpp(4): fatal error C1083: Cannot open include file: 'SDL.h': No such file or directory
         Narrow.cpp
     1>c:\users\user\documents\github\assignment-one-gp\assignment 4.0\framework\backbuffer.h(5): fatal error C1083: Cannot open include file: 'SDL.h': No such file or directory
         Player.cpp
     1>c:\users\user\documents\github\assignment-one-gp\assignment 4.0\framework\backbuffer.h(5): fatal error C1083: Cannot open include file: 'SDL.h': No such file or directory
         SoundSys.cpp
     1>c:\users\user\documents\github\assignment-one-gp\assignment 4.0\framework\SoundSys.h(5): fatal error C1083: Cannot open include file: 'fmod.hpp': No such file or directory
         sprite.cpp
     1>c:\users\user\documents\github\assignment-one-gp\assignment 4.0\framework\backbuffer.h(5): fatal error C1083: Cannot open include file: 'SDL.h': No such file or directory
         texture.cpp
     1>c:\users\user\documents\github\assignment-one-gp\assignment 4.0\framework\texture.h(6): fatal error C1083: Cannot open include file: 'SDL.h': No such file or directory
         texturemanager.cpp
     1>c:\users\user\documents\github\assignment-one-gp\assignment 4.0\framework\texture.h(6): fatal error C1083: Cannot open include file: 'SDL.h': No such file or directory
         Tiles.cpp
     1>c:\users\user\documents\github\assignment-one-gp\assignment 4.0\framework\backbuffer.h(5): fatal error C1083: Cannot open include file: 'SDL.h': No such file or directory
         Vector2D.cpp
         Compiling...
         WaterTile.cpp
     1>c:\users\user\documents\github\assignment-one-gp\assignment 4.0\framework\backbuffer.h(5): fatal error C1083: Cannot open include file: 'SDL.h': No such file or directory
     1>Done Building Project "C:\Users\USER\Documents\GitHub\Assignment-One-GP\Assignment 4.0\Framework\Framework.vcxproj" (Build target(s)) -- FAILED.

Build FAILED.

Time Elapsed 00:00:07.47
